timestamp: 2024-01-05T04:02:03.267364
CREATE TABLE "auth_user"(
    "id" SERIAL PRIMARY KEY,
    "first_name" VARCHAR(128),
    "last_name" VARCHAR(128),
    "email" VARCHAR(512),
    "password" VARCHAR(512),
    "registration_key" VARCHAR(512),
    "reset_password_key" VARCHAR(512),
    "registration_id" VARCHAR(512)
);
success!
timestamp: 2024-01-05T04:02:03.280263
CREATE TABLE "auth_group"(
    "id" SERIAL PRIMARY KEY,
    "role" VARCHAR(512),
    "description" TEXT
);
success!
timestamp: 2024-01-05T04:02:03.290551
CREATE TABLE "auth_membership"(
    "id" SERIAL PRIMARY KEY,
    "user_id" INTEGER REFERENCES "auth_user" ("id") ON DELETE CASCADE ON UPDATE CASCADE  ,
    "group_id" INTEGER REFERENCES "auth_group" ("id") ON DELETE CASCADE ON UPDATE CASCADE  
);
success!
timestamp: 2024-01-05T04:02:03.303614
CREATE TABLE "auth_permission"(
    "id" SERIAL PRIMARY KEY,
    "group_id" INTEGER REFERENCES "auth_group" ("id") ON DELETE CASCADE ON UPDATE CASCADE  ,
    "name" VARCHAR(512),
    "table_name" VARCHAR(512),
    "record_id" INTEGER
);
success!
timestamp: 2024-01-05T04:02:03.314622
CREATE TABLE "auth_event"(
    "id" SERIAL PRIMARY KEY,
    "time_stamp" TIMESTAMP,
    "client_ip" VARCHAR(512),
    "user_id" INTEGER REFERENCES "auth_user" ("id") ON DELETE CASCADE ON UPDATE CASCADE  ,
    "origin" VARCHAR(512),
    "description" TEXT
);
success!
timestamp: 2024-01-05T04:02:03.326660
CREATE TABLE "auth_cas"(
    "id" SERIAL PRIMARY KEY,
    "user_id" INTEGER REFERENCES "auth_user" ("id") ON DELETE CASCADE ON UPDATE CASCADE  ,
    "created_on" TIMESTAMP,
    "service" VARCHAR(512),
    "ticket" VARCHAR(512),
    "renew" CHAR(1)
);
success!
timestamp: 2024-01-05T04:02:03.336633
CREATE TABLE "students"(
    "id" SERIAL PRIMARY KEY,
    "name" VARCHAR(55),
    "lastname" VARCHAR(55),
    "phone" VARCHAR(55),
    "email" VARCHAR(55) UNIQUE
);
success!
timestamp: 2024-01-05T04:02:03.347606
CREATE TABLE "day_of_week"(
    "id" SERIAL PRIMARY KEY,
    "name" VARCHAR(45) UNIQUE
);
success!
timestamp: 2024-01-05T04:02:03.358575
CREATE TABLE "salons"(
    "id" SERIAL PRIMARY KEY,
    "name" VARCHAR(45),
    "description" TEXT
);
success!
timestamp: 2024-01-05T04:02:03.369546
CREATE TABLE "schedules"(
    "id" SERIAL PRIMARY KEY,
    "block_start" TIME,
    "block_end" TIME
);
success!
timestamp: 2024-01-05T04:02:03.376526
CREATE TABLE "subjects"(
    "id" SERIAL PRIMARY KEY,
    "name" VARCHAR(55),
    "description" TEXT
);
success!
timestamp: 2024-01-05T04:02:03.388495
CREATE TABLE "teachers"(
    "id" SERIAL PRIMARY KEY,
    "name" VARCHAR(55),
    "lastname" VARCHAR(55),
    "phone" VARCHAR(55),
    "email" VARCHAR(45) UNIQUE
);
success!
timestamp: 2024-01-05T04:02:03.399466
CREATE TABLE "classes"(
    "id" SERIAL PRIMARY KEY,
    "code" VARCHAR(55) UNIQUE,
    "salon_id" INTEGER REFERENCES "salons" ("id") ON DELETE CASCADE ON UPDATE CASCADE  ,
    "subject_id" INTEGER REFERENCES "subjects" ("id") ON DELETE CASCADE ON UPDATE CASCADE  ,
    "schedule_id" INTEGER REFERENCES "schedules" ("id") ON DELETE CASCADE ON UPDATE CASCADE  ,
    "teacher_id" INTEGER REFERENCES "teachers" ("id") ON DELETE CASCADE ON UPDATE CASCADE  ,
    "day_of_week_id" INTEGER REFERENCES "day_of_week" ("id") ON DELETE CASCADE ON UPDATE CASCADE  
);
success!
timestamp: 2024-01-05T04:02:03.412431
CREATE TABLE "classes_students"(
    "id" SERIAL PRIMARY KEY,
    "section_class" VARCHAR(45) UNIQUE,
    "classes_id" INTEGER REFERENCES "classes" ("id") ON DELETE CASCADE ON UPDATE CASCADE  ,
    "student_id" INTEGER REFERENCES "students" ("id") ON DELETE CASCADE ON UPDATE CASCADE  
);
success!
timestamp: 2024-01-05T04:02:03.423401
CREATE TABLE "attendance"(
    "id" SERIAL PRIMARY KEY,
    "classes_students_id" INTEGER REFERENCES "classes_students" ("id") ON DELETE CASCADE ON UPDATE CASCADE  ,
    "date_class" DATE,
    "status" INTEGER,
    "note" TEXT
);
success!
